library/build/intermediates/manifest_merge_blame_file/debug/manifest-merger-blame-debug-report.txt
1<?xml version="1.0" encoding="utf-8"?>
2<manifest xmlns:android="http://schemas.android.com/apk/res/android"
3    package="com.meowool.toolkit.library" >
4
5    <uses-sdk
6        android:minSdkVersion="21"
6-->src/androidMain/AndroidManifest.xml
7        android:targetSdkVersion="30" />
7-->src/androidMain/AndroidManifest.xml
8
9    <application>
9-->src/androidMain/AndroidManifest.xml:4:5-7:19
10        <activity
10-->src/androidMain/AndroidManifest.xml:5:9-6:75
11            android:name="com.meowool.sweekt.permission.PermissionCompatActivity"
11-->src/androidMain/AndroidManifest.xml:5:19-88
12            android:theme="@style/Theme.MeowoolSweekt.Translucent" />
12-->src/androidMain/AndroidManifest.xml:6:19-73
13    </application>
14
15</manifest>